d:\work\c++\cakemaker_v1\cakemaker\cakemaker\debug\vc142.pdb
d:\work\c++\cakemaker_v1\cakemaker\cakemaker\debug\vc142.idb
d:\work\c++\cakemaker_v1\cakemaker\cakemaker\debug\recipecake.obj
d:\work\c++\cakemaker_v1\cakemaker\cakemaker\debug\main.obj
d:\work\c++\cakemaker_v1\cakemaker\cakemaker\debug\commandtaker.obj
d:\work\c++\cakemaker_v1\cakemaker\cakemaker\debug\commandpanel.obj
d:\work\c++\cakemaker_v1\cakemaker\cakemaker\debug\carouselofcakes.obj
d:\work\c++\cakemaker_v1\cakemaker\cakemaker\debug\cakemaker.obj
d:\work\c++\cakemaker_v1\cakemaker\cakemaker\debug\cake.obj
d:\work\c++\cakemaker_v1\cakemaker\debug\cakemaker.pdb
d:\work\c++\cakemaker_v1\cakemaker\cakemaker\debug\cakemaker.tlog\cl.command.1.tlog
d:\work\c++\cakemaker_v1\cakemaker\cakemaker\debug\cakemaker.tlog\cl.read.1.tlog
d:\work\c++\cakemaker_v1\cakemaker\cakemaker\debug\cakemaker.tlog\cl.write.1.tlog
d:\work\c++\cakemaker_v1\cakemaker\cakemaker\debug\cakemaker.tlog\link.13348-cvtres.read.1.tlog
d:\work\c++\cakemaker_v1\cakemaker\cakemaker\debug\cakemaker.tlog\link.13348-cvtres.write.1.tlog
d:\work\c++\cakemaker_v1\cakemaker\cakemaker\debug\cakemaker.tlog\link.13348-rc.read.1.tlog
d:\work\c++\cakemaker_v1\cakemaker\cakemaker\debug\cakemaker.tlog\link.13348-rc.write.1.tlog
d:\work\c++\cakemaker_v1\cakemaker\cakemaker\debug\cakemaker.tlog\link.13348.read.1.tlog
d:\work\c++\cakemaker_v1\cakemaker\cakemaker\debug\cakemaker.tlog\link.13348.write.1.tlog
d:\work\c++\cakemaker_v1\cakemaker\cakemaker\debug\cakemaker.tlog\link.command.1.tlog
d:\work\c++\cakemaker_v1\cakemaker\cakemaker\debug\cakemaker.tlog\link.read.1.tlog
d:\work\c++\cakemaker_v1\cakemaker\cakemaker\debug\cakemaker.tlog\link.write.1.tlog
